  Step4Parser.c
C:\Users\David Jacob\Compilers\source\repos\Urizen\Step2Reader.h(134,14): warning C4820: 'bufferReader': '4' bytes padding added after data member 'checkSum'
  (compiling source file 'Step4Parser.c')
  
C:\Users\David Jacob\Compilers\source\repos\Urizen\Step3Scanner.h(150,14): warning C4820: 'idAttibutes': '7' bytes padding added after data member 'flags'
  (compiling source file 'Step4Parser.c')
  
C:\Users\David Jacob\Compilers\source\repos\Urizen\Step3Scanner.h(376,14): warning C4820: 'languageAttributes': '3' bytes padding added after data member 'indentationCharType'
  (compiling source file 'Step4Parser.c')
  
C:\Users\David Jacob\Compilers\source\repos\Urizen\Step4Parser.h(122,13): warning C4255: 'startParser': no function prototype given: converting '()' to '(void)'
  (compiling source file 'Step4Parser.c')
  
C:\Users\David Jacob\Compilers\source\repos\Urizen\Step4Parser.h(125,13): warning C4255: 'printError': no function prototype given: converting '()' to '(void)'
  (compiling source file 'Step4Parser.c')
  
C:\Users\David Jacob\Compilers\source\repos\Urizen\Step4Parser.h(156,13): warning C4255: 'word': no function prototype given: converting '()' to '(void)'
  (compiling source file 'Step4Parser.c')
  
C:\Users\David Jacob\Compilers\source\repos\Urizen\Step4Parser.h(157,13): warning C4255: 'bracedWord': no function prototype given: converting '()' to '(void)'
  (compiling source file 'Step4Parser.c')
  
C:\Users\David Jacob\Compilers\source\repos\Urizen\Step4Parser.h(158,13): warning C4255: 'substWord': no function prototype given: converting '()' to '(void)'
  (compiling source file 'Step4Parser.c')
  
C:\Users\David Jacob\Compilers\source\repos\Urizen\Step4Parser.h(159,13): warning C4255: 'parseIf': no function prototype given: converting '()' to '(void)'
  (compiling source file 'Step4Parser.c')
  
C:\Users\David Jacob\Compilers\source\repos\Urizen\Step4Parser.h(160,13): warning C4255: 'parseWhile': no function prototype given: converting '()' to '(void)'
  (compiling source file 'Step4Parser.c')
  
C:\Users\David Jacob\Compilers\source\repos\Urizen\Step4Parser.h(161,13): warning C4255: 'parseForeach': no function prototype given: converting '()' to '(void)'
  (compiling source file 'Step4Parser.c')
  
C:\Users\David Jacob\Compilers\source\repos\Urizen\Step4Parser.h(162,13): warning C4255: 'parseProc': no function prototype given: converting '()' to '(void)'
  (compiling source file 'Step4Parser.c')
  
C:\Users\David Jacob\Compilers\source\repos\Urizen\Step4Parser.h(163,13): warning C4255: 'parseReturn': no function prototype given: converting '()' to '(void)'
  (compiling source file 'Step4Parser.c')
  
C:\Users\David Jacob\Compilers\source\repos\Urizen\Step4Parser.c(71,13): warning C4255: 'startParser': no function prototype given: converting '()' to '(void)'
C:\Users\David Jacob\Compilers\source\repos\Urizen\Step4Parser.c(143,13): warning C4255: 'printError': no function prototype given: converting '()' to '(void)'
C:\Users\David Jacob\Compilers\source\repos\Urizen\Step4Parser.c(144,9): warning C4431: missing type specifier - int assumed. Note: C no longer supports default-int
C:\Users\David Jacob\Compilers\source\repos\Urizen\Step4Parser.c(193,4): warning C4013: 'comment' undefined; assuming extern returning int
C:\Users\David Jacob\Compilers\source\repos\Urizen\Step4Parser.c(200,3): warning C4013: 'command' undefined; assuming extern returning int
C:\Users\David Jacob\Compilers\source\repos\Urizen\Step4Parser.c(204,13): warning C4255: 'command': no function prototype given: converting '()' to '(void)'
C:\Users\David Jacob\Compilers\source\repos\Urizen\Step4Parser.c(244,13): warning C4255: 'bracedWord': no function prototype given: converting '()' to '(void)'
C:\Users\David Jacob\Compilers\source\repos\Urizen\Step4Parser.c(252,13): warning C4255: 'substWord': no function prototype given: converting '()' to '(void)'
C:\Users\David Jacob\Compilers\source\repos\Urizen\Step4Parser.c(260,13): warning C4255: 'parseWhile': no function prototype given: converting '()' to '(void)'
C:\Users\David Jacob\Compilers\source\repos\Urizen\Step4Parser.c(281,13): warning C4255: 'parseForeach': no function prototype given: converting '()' to '(void)'
C:\Users\David Jacob\Compilers\source\repos\Urizen\Step4Parser.c(305,13): warning C4255: 'parseProc': no function prototype given: converting '()' to '(void)'
C:\Users\David Jacob\Compilers\source\repos\Urizen\Step4Parser.c(324,13): warning C4255: 'parseReturn': no function prototype given: converting '()' to '(void)'
C:\Users\David Jacob\Compilers\source\repos\Urizen\Step4Parser.c(335,13): warning C4255: 'parseIf': no function prototype given: converting '()' to '(void)'
C:\Users\David Jacob\Compilers\source\repos\Urizen\Step4Parser.c(389,13): warning C4255: 'word': no function prototype given: converting '()' to '(void)'
C:\Users\David Jacob\Compilers\source\repos\Urizen\Step4Parser.c(397,39): warning C4047: 'function': 'urizen_int' differs in levels of indirection from 'urizen_char [21]'
C:\Users\David Jacob\Compilers\source\repos\Urizen\Step4Parser.c(397,39): warning C4024: 'matchToken': different types for formal and actual parameter 2
C:\Users\David Jacob\Compilers\source\repos\Urizen\Step4Parser.c(403,40): warning C4244: 'function': conversion from 'urizen_float' to 'urizen_int', possible loss of data
C:\Users\David Jacob\Compilers\source\repos\Urizen\Step4Parser.c(437,13): warning C4255: 'comment': no function prototype given: converting '()' to '(void)'
C:\Users\David Jacob\Compilers\source\repos\Urizen\Step4Parser.c(460,37): warning C4459: declaration of 'psData' hides global declaration
      C:\Users\David Jacob\Compilers\source\repos\Urizen\Step4Parser.c(62,19):
      see declaration of 'psData'
  
C:\Users\David Jacob\Compilers\source\repos\Urizen\Step4Parser.c(467,1): warning C5045: Compiler will insert Spectre mitigation for memory load if /Qspectre switch specified
C:\Users\David Jacob\Compilers\source\repos\Urizen\Step4Parser.c(467,1): warning C5045: C:\Users\David Jacob\Compilers\source\repos\Urizen\Step4Parser.c(465) : note: index 'cont' range checked by comparison on this line
C:\Users\David Jacob\Compilers\source\repos\Urizen\Step4Parser.c(467,1): warning C5045: C:\Users\David Jacob\Compilers\source\repos\Urizen\Step4Parser.c(467) : note: feeds call on this line
  Urizen.vcxproj -> C:\Users\David Jacob\Compilers\source\repos\Urizen\x64\Debug\Urizen.exe
