c:\users\david jacob\compilers\source\repos\urizen\urizen\x64\debug\vc145.pdb
c:\users\david jacob\compilers\source\repos\urizen\urizen\x64\debug\vc145.idb
c:\users\david jacob\compilers\source\repos\urizen\urizen\x64\debug\compilers.obj
c:\users\david jacob\compilers\source\repos\urizen\urizen\x64\debug\main1coder.obj
c:\users\david jacob\compilers\source\repos\urizen\urizen\x64\debug\step1coder.obj
c:\users\david jacob\compilers\source\repos\urizen\urizen\x64\debug\step2reader.obj
c:\users\david jacob\compilers\source\repos\urizen\urizen\x64\debug\main2reader.obj
c:\users\david jacob\compilers\source\repos\urizen\urizen\x64\debug\step3scanner.obj
c:\users\david jacob\compilers\source\repos\urizen\urizen\x64\debug\main3scanner.obj
c:\users\david jacob\compilers\source\repos\urizen\urizen\x64\debug\step4parser.obj
c:\users\david jacob\compilers\source\repos\urizen\urizen\x64\debug\main4parser.obj
c:\users\david jacob\compilers\source\repos\urizen\x64\debug\urizen.exe
c:\users\david jacob\compilers\source\repos\urizen\x64\debug\urizen.pdb
c:\users\david jacob\compilers\source\repos\urizen\urizen\x64\debug\urizen.ilk
c:\users\david jacob\compilers\source\repos\urizen\urizen\x64\debug\main1coder.obj.enc
c:\users\david jacob\compilers\source\repos\urizen\urizen\x64\debug\urizen.tlog\cl.command.1.tlog
c:\users\david jacob\compilers\source\repos\urizen\urizen\x64\debug\urizen.tlog\cl.items.tlog
c:\users\david jacob\compilers\source\repos\urizen\urizen\x64\debug\urizen.tlog\cl.read.1.tlog
c:\users\david jacob\compilers\source\repos\urizen\urizen\x64\debug\urizen.tlog\cl.write.1.tlog
c:\users\david jacob\compilers\source\repos\urizen\urizen\x64\debug\urizen.tlog\link.command.1.tlog
c:\users\david jacob\compilers\source\repos\urizen\urizen\x64\debug\urizen.tlog\link.read.1.tlog
c:\users\david jacob\compilers\source\repos\urizen\urizen\x64\debug\urizen.tlog\link.secondary.1.tlog
c:\users\david jacob\compilers\source\repos\urizen\urizen\x64\debug\urizen.tlog\link.write.1.tlog
